app/build/intermediates/manifest_merge_blame_file/debug/manifest-merger-blame-debug-report.txt
1<?xml version="1.0" encoding="utf-8"?>
2<manifest xmlns:android="http://schemas.android.com/apk/res/android"
3    package="com.samsung.android.trackingsampleapp"
4    android:versionCode="1100"
5    android:versionName="1.1.00" >
6
7    <uses-sdk
8        android:minSdkVersion="30"
8-->src\main\AndroidManifest.xml
9        android:targetSdkVersion="30" />
9-->src\main\AndroidManifest.xml
10
11    <uses-permission android:name="android.permission.WAKE_LOCK" />
11-->src\main\AndroidManifest.xml:6:5-68
11-->src\main\AndroidManifest.xml:6:22-65
12    <uses-permission android:name="android.permission.INTERNET" />
12-->src\main\AndroidManifest.xml:7:5-66
12-->src\main\AndroidManifest.xml:7:22-64
13
14    <uses-feature android:name="android.hardware.type.watch" />
14-->src\main\AndroidManifest.xml:9:5-64
14-->src\main\AndroidManifest.xml:9:19-61
15
16    <uses-permission android:name="android.permission.BODY_SENSORS" />
16-->src\main\AndroidManifest.xml:11:5-71
16-->src\main\AndroidManifest.xml:11:22-68
17    <uses-permission android:name="android.permission.ACTIVITY_RECOGNITION" />
17-->src\main\AndroidManifest.xml:12:5-79
17-->src\main\AndroidManifest.xml:12:22-76
18
19    <queries>
19-->src\main\AndroidManifest.xml:14:5-16:15
20        <package android:name="com.google.android.wearable.healthservices" />
20-->src\main\AndroidManifest.xml:15:9-78
20-->src\main\AndroidManifest.xml:15:18-75
21        <package android:name="com.sec.android.app.samsungapps" />
21-->[priv-health-tracking-v1.1.0.aar] AndroidManifest.xml:10:9-67
21-->[priv-health-tracking-v1.1.0.aar] AndroidManifest.xml:10:18-64
22    </queries>
23
24    <uses-permission android:name="android.permission.ACCESS_NETWORK_STATE" />
24-->[com.google.firebase:firebase-messaging:23.1.2] AndroidManifest.xml:24:5-79
24-->[com.google.firebase:firebase-messaging:23.1.2] AndroidManifest.xml:24:22-76
25    <uses-permission android:name="android.permission.POST_NOTIFICATIONS" /> <!-- Required by older versions of Google Play services to create IID tokens -->
25-->[com.google.firebase:firebase-messaging:23.1.2] AndroidManifest.xml:25:5-77
25-->[com.google.firebase:firebase-messaging:23.1.2] AndroidManifest.xml:25:22-74
26    <uses-permission android:name="com.google.android.c2dm.permission.RECEIVE" />
26-->[com.google.firebase:firebase-messaging:23.1.2] AndroidManifest.xml:28:5-82
26-->[com.google.firebase:firebase-messaging:23.1.2] AndroidManifest.xml:28:22-79
27    <uses-permission android:name="com.google.android.finsky.permission.BIND_GET_INSTALL_REFERRER_SERVICE" />
27-->[com.google.android.gms:play-services-measurement:21.2.1] AndroidManifest.xml:26:5-110
27-->[com.google.android.gms:play-services-measurement:21.2.1] AndroidManifest.xml:26:22-107
28    <uses-permission android:name="com.google.android.gms.permission.AD_ID" />
28-->[com.google.android.gms:play-services-measurement-api:21.2.1] AndroidManifest.xml:25:5-79
28-->[com.google.android.gms:play-services-measurement-api:21.2.1] AndroidManifest.xml:25:22-76
29
30    <permission
30-->[androidx.core:core:1.9.0] AndroidManifest.xml:22:5-24:47
31        android:name="com.samsung.android.trackingsampleapp.DYNAMIC_RECEIVER_NOT_EXPORTED_PERMISSION"
31-->[androidx.core:core:1.9.0] AndroidManifest.xml:23:9-81
32        android:protectionLevel="signature" />
32-->[androidx.core:core:1.9.0] AndroidManifest.xml:24:9-44
33
34    <uses-permission android:name="com.samsung.android.trackingsampleapp.DYNAMIC_RECEIVER_NOT_EXPORTED_PERMISSION" />
34-->[androidx.core:core:1.9.0] AndroidManifest.xml:26:5-97
34-->[androidx.core:core:1.9.0] AndroidManifest.xml:26:22-94
35
36    <application
36-->src\main\AndroidManifest.xml:18:5-92:19
37        android:allowBackup="true"
37-->src\main\AndroidManifest.xml:19:9-35
38        android:appComponentFactory="androidx.core.app.CoreComponentFactory"
38-->[androidx.core:core:1.9.0] AndroidManifest.xml:28:18-86
39        android:debuggable="true"
40        android:extractNativeLibs="false"
41        android:icon="@mipmap/ic_launcher"
41-->src\main\AndroidManifest.xml:20:9-43
42        android:label="@string/app_name"
42-->src\main\AndroidManifest.xml:21:9-41
43        android:supportsRtl="true"
43-->src\main\AndroidManifest.xml:22:9-35
44        android:testOnly="true"
45        android:theme="@android:style/Theme.DeviceDefault" >
45-->src\main\AndroidManifest.xml:23:9-59
46
47        <!--
48               Set to true if your app is Standalone, that is, it does not require the handheld
49               app to run.
50        -->
51        <meta-data
51-->src\main\AndroidManifest.xml:30:9-32:36
52            android:name="com.google.android.wearable.standalone"
52-->src\main\AndroidManifest.xml:31:13-66
53            android:value="true" />
53-->src\main\AndroidManifest.xml:32:13-33
54
55        <activity
55-->src\main\AndroidManifest.xml:34:9-36:71
56            android:name="com.samsung.android.trackingsampleapp.MainActivity2"
56-->src\main\AndroidManifest.xml:35:13-42
57            android:theme="@style/Theme.AppCompat.Light.NoActionBar" />
57-->src\main\AndroidManifest.xml:36:13-69
58        <activity
58-->src\main\AndroidManifest.xml:37:9-39:61
59            android:name="com.samsung.android.trackingsampleapp.PpgIrActivity"
59-->src\main\AndroidManifest.xml:38:13-42
60            android:label="@string/title_activity_ppg_ir" />
60-->src\main\AndroidManifest.xml:39:13-58
61        <activity
61-->src\main\AndroidManifest.xml:40:9-42:65
62            android:name="com.samsung.android.trackingsampleapp.HeartRateActivity"
62-->src\main\AndroidManifest.xml:41:13-46
63            android:label="@string/title_activity_heart_rate" />
63-->src\main\AndroidManifest.xml:42:13-62
64        <activity
64-->src\main\AndroidManifest.xml:43:9-45:58
65            android:name="com.samsung.android.trackingsampleapp.EcgActivity"
65-->src\main\AndroidManifest.xml:44:13-40
66            android:label="@string/title_activity_ecg" />
66-->src\main\AndroidManifest.xml:45:13-55
67        <activity
67-->src\main\AndroidManifest.xml:46:9-48:64
68            android:name="com.samsung.android.trackingsampleapp.PpgGreenActivity"
68-->src\main\AndroidManifest.xml:47:13-45
69            android:label="@string/title_activity_ppg_green" />
69-->src\main\AndroidManifest.xml:48:13-61
70        <activity
70-->src\main\AndroidManifest.xml:49:9-51:54
71            android:name="com.samsung.android.trackingsampleapp.login_activity"
71-->src\main\AndroidManifest.xml:50:13-43
72            android:theme="@style/Theme.AppCompat" />
72-->src\main\AndroidManifest.xml:51:13-51
73        <activity
73-->src\main\AndroidManifest.xml:52:9-54:54
74            android:name="com.samsung.android.trackingsampleapp.Register_activity"
74-->src\main\AndroidManifest.xml:53:13-46
75            android:theme="@style/Theme.AppCompat" />
75-->src\main\AndroidManifest.xml:54:13-51
76        <activity
76-->src\main\AndroidManifest.xml:55:9-57:54
77            android:name="com.samsung.android.trackingsampleapp.sendmsg_activity"
77-->src\main\AndroidManifest.xml:56:13-45
78            android:theme="@style/Theme.AppCompat" />
78-->src\main\AndroidManifest.xml:57:13-51
79        <activity
79-->src\main\AndroidManifest.xml:58:9-60:54
80            android:name="com.samsung.android.trackingsampleapp.HomePage_activity"
80-->src\main\AndroidManifest.xml:59:13-46
81            android:theme="@style/Theme.AppCompat" />
81-->src\main\AndroidManifest.xml:60:13-51
82        <activity
82-->src\main\AndroidManifest.xml:62:9-64:63
83            android:name="com.samsung.android.trackingsampleapp.SettingsActivity"
83-->src\main\AndroidManifest.xml:63:13-45
84            android:label="@string/title_activity_settings" />
84-->src\main\AndroidManifest.xml:64:13-60
85        <activity
85-->src\main\AndroidManifest.xml:65:9-73:20
86            android:name="com.samsung.android.trackingsampleapp.MainActivity"
86-->src\main\AndroidManifest.xml:66:13-41
87            android:label="trackingsampleapp" >
87-->src\main\AndroidManifest.xml:67:13-46
88            <intent-filter>
88-->src\main\AndroidManifest.xml:68:13-72:29
89                <action android:name="android.intent.action.MAIN" />
89-->src\main\AndroidManifest.xml:69:17-69
89-->src\main\AndroidManifest.xml:69:25-66
90
91                <category android:name="android.intent.category.LAUNCHER" />
91-->src\main\AndroidManifest.xml:71:17-77
91-->src\main\AndroidManifest.xml:71:27-74
92            </intent-filter>
93        </activity>
94        <activity
94-->src\main\AndroidManifest.xml:74:9-76:46
95            android:name="com.samsung.android.trackingsampleapp.choiceActivity"
95-->src\main\AndroidManifest.xml:75:13-43
96            android:label="choiceActivity" />
96-->src\main\AndroidManifest.xml:76:13-43
97        <activity
97-->src\main\AndroidManifest.xml:77:9-79:62
98            android:name="com.samsung.android.trackingsampleapp.PpgRedActivity"
98-->src\main\AndroidManifest.xml:78:13-43
99            android:label="@string/title_activity_ppg_red" />
99-->src\main\AndroidManifest.xml:79:13-59
100        <activity
100-->src\main\AndroidManifest.xml:80:9-83:46
101            android:name="com.samsung.android.trackingsampleapp.PermissionActivity"
101-->src\main\AndroidManifest.xml:81:13-47
102            android:exported="false"
102-->src\main\AndroidManifest.xml:82:13-37
103            android:launchMode="singleTop" />
103-->src\main\AndroidManifest.xml:83:13-43
104
105        <service
105-->src\main\AndroidManifest.xml:85:9-91:19
106            android:name="com.samsung.android.trackingsampleapp.PushNotificationService"
106-->src\main\AndroidManifest.xml:86:13-52
107            android:exported="false" >
107-->src\main\AndroidManifest.xml:87:13-37
108            <intent-filter>
108-->src\main\AndroidManifest.xml:88:13-90:29
109                <action android:name="com.google.firebase.MESSAGING_EVENT" />
109-->src\main\AndroidManifest.xml:89:17-78
109-->src\main\AndroidManifest.xml:89:25-75
110            </intent-filter>
111        </service>
112
113        <receiver
113-->[com.google.firebase:firebase-messaging:23.1.2] AndroidManifest.xml:31:9-38:20
114            android:name="com.google.firebase.iid.FirebaseInstanceIdReceiver"
114-->[com.google.firebase:firebase-messaging:23.1.2] AndroidManifest.xml:32:13-78
115            android:exported="true"
115-->[com.google.firebase:firebase-messaging:23.1.2] AndroidManifest.xml:33:13-36
116            android:permission="com.google.android.c2dm.permission.SEND" >
116-->[com.google.firebase:firebase-messaging:23.1.2] AndroidManifest.xml:34:13-73
117            <intent-filter>
117-->[com.google.firebase:firebase-messaging:23.1.2] AndroidManifest.xml:35:13-37:29
118                <action android:name="com.google.android.c2dm.intent.RECEIVE" />
118-->[com.google.firebase:firebase-messaging:23.1.2] AndroidManifest.xml:36:17-81
118-->[com.google.firebase:firebase-messaging:23.1.2] AndroidManifest.xml:36:25-78
119            </intent-filter>
120        </receiver>
121        <!--
122             FirebaseMessagingService performs security checks at runtime,
123             but set to not exported to explicitly avoid allowing another app to call it.
124        -->
125        <service
125-->[com.google.firebase:firebase-messaging:23.1.2] AndroidManifest.xml:44:9-51:19
126            android:name="com.google.firebase.messaging.FirebaseMessagingService"
126-->[com.google.firebase:firebase-messaging:23.1.2] AndroidManifest.xml:45:13-82
127            android:directBootAware="true"
127-->[com.google.firebase:firebase-messaging:23.1.2] AndroidManifest.xml:46:13-43
128            android:exported="false" >
128-->[com.google.firebase:firebase-messaging:23.1.2] AndroidManifest.xml:47:13-37
129            <intent-filter android:priority="-500" >
129-->src\main\AndroidManifest.xml:88:13-90:29
130                <action android:name="com.google.firebase.MESSAGING_EVENT" />
130-->src\main\AndroidManifest.xml:89:17-78
130-->src\main\AndroidManifest.xml:89:25-75
131            </intent-filter>
132        </service>
133        <service
133-->[com.google.firebase:firebase-messaging:23.1.2] AndroidManifest.xml:52:9-58:19
134            android:name="com.google.firebase.components.ComponentDiscoveryService"
134-->[com.google.firebase:firebase-messaging:23.1.2] AndroidManifest.xml:53:13-84
135            android:directBootAware="true"
135-->[com.google.firebase:firebase-common:20.3.2] AndroidManifest.xml:34:13-43
136            android:exported="false" >
136-->[com.google.firebase:firebase-messaging:23.1.2] AndroidManifest.xml:54:13-37
137            <meta-data
137-->[com.google.firebase:firebase-messaging:23.1.2] AndroidManifest.xml:55:13-57:85
138                android:name="com.google.firebase.components:com.google.firebase.messaging.FirebaseMessagingRegistrar"
138-->[com.google.firebase:firebase-messaging:23.1.2] AndroidManifest.xml:56:17-119
139                android:value="com.google.firebase.components.ComponentRegistrar" />
139-->[com.google.firebase:firebase-messaging:23.1.2] AndroidManifest.xml:57:17-82
140            <meta-data
140-->[com.google.firebase:firebase-auth:21.1.0] AndroidManifest.xml:67:13-69:85
141                android:name="com.google.firebase.components:com.google.firebase.auth.FirebaseAuthRegistrar"
141-->[com.google.firebase:firebase-auth:21.1.0] AndroidManifest.xml:68:17-109
142                android:value="com.google.firebase.components.ComponentRegistrar" />
142-->[com.google.firebase:firebase-auth:21.1.0] AndroidManifest.xml:69:17-82
143            <meta-data
143-->[com.google.android.gms:play-services-measurement-api:21.2.1] AndroidManifest.xml:31:13-33:85
144                android:name="com.google.firebase.components:com.google.firebase.analytics.connector.internal.AnalyticsConnectorRegistrar"
144-->[com.google.android.gms:play-services-measurement-api:21.2.1] AndroidManifest.xml:32:17-139
145                android:value="com.google.firebase.components.ComponentRegistrar" />
145-->[com.google.android.gms:play-services-measurement-api:21.2.1] AndroidManifest.xml:33:17-82
146            <meta-data
146-->[com.google.firebase:firebase-datatransport:18.1.7] AndroidManifest.xml:27:13-29:85
147                android:name="com.google.firebase.components:com.google.firebase.datatransport.TransportRegistrar"
147-->[com.google.firebase:firebase-datatransport:18.1.7] AndroidManifest.xml:28:17-115
148                android:value="com.google.firebase.components.ComponentRegistrar" />
148-->[com.google.firebase:firebase-datatransport:18.1.7] AndroidManifest.xml:29:17-82
149            <meta-data
149-->[com.google.firebase:firebase-installations:17.1.3] AndroidManifest.xml:17:13-19:85
150                android:name="com.google.firebase.components:com.google.firebase.installations.FirebaseInstallationsRegistrar"
150-->[com.google.firebase:firebase-installations:17.1.3] AndroidManifest.xml:18:17-127
151                android:value="com.google.firebase.components.ComponentRegistrar" />
151-->[com.google.firebase:firebase-installations:17.1.3] AndroidManifest.xml:19:17-82
152        </service>
153
154        <activity
154-->[com.google.firebase:firebase-auth:21.1.0] AndroidManifest.xml:27:9-44:20
155            android:name="com.google.firebase.auth.internal.GenericIdpActivity"
155-->[com.google.firebase:firebase-auth:21.1.0] AndroidManifest.xml:28:13-80
156            android:excludeFromRecents="true"
156-->[com.google.firebase:firebase-auth:21.1.0] AndroidManifest.xml:29:13-46
157            android:exported="true"
157-->[com.google.firebase:firebase-auth:21.1.0] AndroidManifest.xml:30:13-36
158            android:launchMode="singleTask"
158-->[com.google.firebase:firebase-auth:21.1.0] AndroidManifest.xml:31:13-44
159            android:theme="@android:style/Theme.Translucent.NoTitleBar" >
159-->[com.google.firebase:firebase-auth:21.1.0] AndroidManifest.xml:32:13-72
160            <intent-filter>
160-->[com.google.firebase:firebase-auth:21.1.0] AndroidManifest.xml:33:13-43:29
161                <action android:name="android.intent.action.VIEW" />
161-->[com.google.firebase:firebase-auth:21.1.0] AndroidManifest.xml:34:17-69
161-->[com.google.firebase:firebase-auth:21.1.0] AndroidManifest.xml:34:25-66
162
163                <category android:name="android.intent.category.DEFAULT" />
163-->[com.google.firebase:firebase-auth:21.1.0] AndroidManifest.xml:36:17-76
163-->[com.google.firebase:firebase-auth:21.1.0] AndroidManifest.xml:36:27-73
164                <category android:name="android.intent.category.BROWSABLE" />
164-->[com.google.firebase:firebase-auth:21.1.0] AndroidManifest.xml:37:17-78
164-->[com.google.firebase:firebase-auth:21.1.0] AndroidManifest.xml:37:27-75
165
166                <data
166-->[com.google.firebase:firebase-auth:21.1.0] AndroidManifest.xml:39:17-42:51
167                    android:host="firebase.auth"
167-->[com.google.firebase:firebase-auth:21.1.0] AndroidManifest.xml:40:21-49
168                    android:path="/"
168-->[com.google.firebase:firebase-auth:21.1.0] AndroidManifest.xml:41:21-37
169                    android:scheme="genericidp" />
169-->[com.google.firebase:firebase-auth:21.1.0] AndroidManifest.xml:42:21-48
170            </intent-filter>
171        </activity>
172        <activity
172-->[com.google.firebase:firebase-auth:21.1.0] AndroidManifest.xml:45:9-62:20
173            android:name="com.google.firebase.auth.internal.RecaptchaActivity"
173-->[com.google.firebase:firebase-auth:21.1.0] AndroidManifest.xml:46:13-79
174            android:excludeFromRecents="true"
174-->[com.google.firebase:firebase-auth:21.1.0] AndroidManifest.xml:47:13-46
175            android:exported="true"
175-->[com.google.firebase:firebase-auth:21.1.0] AndroidManifest.xml:48:13-36
176            android:launchMode="singleTask"
176-->[com.google.firebase:firebase-auth:21.1.0] AndroidManifest.xml:49:13-44
177            android:theme="@android:style/Theme.Translucent.NoTitleBar" >
177-->[com.google.firebase:firebase-auth:21.1.0] AndroidManifest.xml:50:13-72
178            <intent-filter>
178-->[com.google.firebase:firebase-auth:21.1.0] AndroidManifest.xml:51:13-61:29
179                <action android:name="android.intent.action.VIEW" />
179-->[com.google.firebase:firebase-auth:21.1.0] AndroidManifest.xml:34:17-69
179-->[com.google.firebase:firebase-auth:21.1.0] AndroidManifest.xml:34:25-66
180
181                <category android:name="android.intent.category.DEFAULT" />
181-->[com.google.firebase:firebase-auth:21.1.0] AndroidManifest.xml:36:17-76
181-->[com.google.firebase:firebase-auth:21.1.0] AndroidManifest.xml:36:27-73
182                <category android:name="android.intent.category.BROWSABLE" />
182-->[com.google.firebase:firebase-auth:21.1.0] AndroidManifest.xml:37:17-78
182-->[com.google.firebase:firebase-auth:21.1.0] AndroidManifest.xml:37:27-75
183
184                <data
184-->[com.google.firebase:firebase-auth:21.1.0] AndroidManifest.xml:39:17-42:51
185                    android:host="firebase.auth"
185-->[com.google.firebase:firebase-auth:21.1.0] AndroidManifest.xml:40:21-49
186                    android:path="/"
186-->[com.google.firebase:firebase-auth:21.1.0] AndroidManifest.xml:41:21-37
187                    android:scheme="recaptcha" />
187-->[com.google.firebase:firebase-auth:21.1.0] AndroidManifest.xml:42:21-48
188            </intent-filter>
189        </activity>
190
191        <uses-library
191-->[com.google.android.support:wearable:2.9.0] AndroidManifest.xml:10:9-12:40
192            android:name="com.google.android.wearable"
192-->[com.google.android.support:wearable:2.9.0] AndroidManifest.xml:11:13-55
193            android:required="false" />
193-->[com.google.android.support:wearable:2.9.0] AndroidManifest.xml:12:13-37
194
195        <activity
195-->[com.google.android.gms:play-services-base:18.0.1] AndroidManifest.xml:20:9-22:45
196            android:name="com.google.android.gms.common.api.GoogleApiActivity"
196-->[com.google.android.gms:play-services-base:18.0.1] AndroidManifest.xml:20:19-85
197            android:exported="false"
197-->[com.google.android.gms:play-services-base:18.0.1] AndroidManifest.xml:22:19-43
198            android:theme="@android:style/Theme.Translucent.NoTitleBar" />
198-->[com.google.android.gms:play-services-base:18.0.1] AndroidManifest.xml:21:19-78
199
200        <receiver
200-->[com.google.android.gms:play-services-measurement:21.2.1] AndroidManifest.xml:29:9-33:20
201            android:name="com.google.android.gms.measurement.AppMeasurementReceiver"
201-->[com.google.android.gms:play-services-measurement:21.2.1] AndroidManifest.xml:30:13-85
202            android:enabled="true"
202-->[com.google.android.gms:play-services-measurement:21.2.1] AndroidManifest.xml:31:13-35
203            android:exported="false" >
203-->[com.google.android.gms:play-services-measurement:21.2.1] AndroidManifest.xml:32:13-37
204        </receiver>
205
206        <service
206-->[com.google.android.gms:play-services-measurement:21.2.1] AndroidManifest.xml:35:9-38:40
207            android:name="com.google.android.gms.measurement.AppMeasurementService"
207-->[com.google.android.gms:play-services-measurement:21.2.1] AndroidManifest.xml:36:13-84
208            android:enabled="true"
208-->[com.google.android.gms:play-services-measurement:21.2.1] AndroidManifest.xml:37:13-35
209            android:exported="false" />
209-->[com.google.android.gms:play-services-measurement:21.2.1] AndroidManifest.xml:38:13-37
210        <service
210-->[com.google.android.gms:play-services-measurement:21.2.1] AndroidManifest.xml:39:9-43:72
211            android:name="com.google.android.gms.measurement.AppMeasurementJobService"
211-->[com.google.android.gms:play-services-measurement:21.2.1] AndroidManifest.xml:40:13-87
212            android:enabled="true"
212-->[com.google.android.gms:play-services-measurement:21.2.1] AndroidManifest.xml:41:13-35
213            android:exported="false"
213-->[com.google.android.gms:play-services-measurement:21.2.1] AndroidManifest.xml:42:13-37
214            android:permission="android.permission.BIND_JOB_SERVICE" />
214-->[com.google.android.gms:play-services-measurement:21.2.1] AndroidManifest.xml:43:13-69
215
216        <provider
216-->[com.google.firebase:firebase-common:20.3.2] AndroidManifest.xml:25:9-30:39
217            android:name="com.google.firebase.provider.FirebaseInitProvider"
217-->[com.google.firebase:firebase-common:20.3.2] AndroidManifest.xml:26:13-77
218            android:authorities="com.samsung.android.trackingsampleapp.firebaseinitprovider"
218-->[com.google.firebase:firebase-common:20.3.2] AndroidManifest.xml:27:13-72
219            android:directBootAware="true"
219-->[com.google.firebase:firebase-common:20.3.2] AndroidManifest.xml:28:13-43
220            android:exported="false"
220-->[com.google.firebase:firebase-common:20.3.2] AndroidManifest.xml:29:13-37
221            android:initOrder="100" />
221-->[com.google.firebase:firebase-common:20.3.2] AndroidManifest.xml:30:13-36
222
223        <meta-data
223-->[com.google.android.gms:play-services-basement:18.1.0] AndroidManifest.xml:21:9-23:69
224            android:name="com.google.android.gms.version"
224-->[com.google.android.gms:play-services-basement:18.1.0] AndroidManifest.xml:22:13-58
225            android:value="@integer/google_play_services_version" />
225-->[com.google.android.gms:play-services-basement:18.1.0] AndroidManifest.xml:23:13-66
226
227        <provider
227-->[androidx.emoji2:emoji2:1.2.0] AndroidManifest.xml:24:9-32:20
228            android:name="androidx.startup.InitializationProvider"
228-->[androidx.emoji2:emoji2:1.2.0] AndroidManifest.xml:25:13-67
229            android:authorities="com.samsung.android.trackingsampleapp.androidx-startup"
229-->[androidx.emoji2:emoji2:1.2.0] AndroidManifest.xml:26:13-68
230            android:exported="false" >
230-->[androidx.emoji2:emoji2:1.2.0] AndroidManifest.xml:27:13-37
231            <meta-data
231-->[androidx.emoji2:emoji2:1.2.0] AndroidManifest.xml:29:13-31:52
232                android:name="androidx.emoji2.text.EmojiCompatInitializer"
232-->[androidx.emoji2:emoji2:1.2.0] AndroidManifest.xml:30:17-75
233                android:value="androidx.startup" />
233-->[androidx.emoji2:emoji2:1.2.0] AndroidManifest.xml:31:17-49
234            <meta-data
234-->[androidx.lifecycle:lifecycle-process:2.4.1] AndroidManifest.xml:31:13-33:52
235                android:name="androidx.lifecycle.ProcessLifecycleInitializer"
235-->[androidx.lifecycle:lifecycle-process:2.4.1] AndroidManifest.xml:32:17-78
236                android:value="androidx.startup" />
236-->[androidx.lifecycle:lifecycle-process:2.4.1] AndroidManifest.xml:33:17-49
237        </provider>
238
239        <service
239-->[com.google.android.datatransport:transport-backend-cct:3.1.8] AndroidManifest.xml:28:9-34:19
240            android:name="com.google.android.datatransport.runtime.backends.TransportBackendDiscovery"
240-->[com.google.android.datatransport:transport-backend-cct:3.1.8] AndroidManifest.xml:29:13-103
241            android:exported="false" >
241-->[com.google.android.datatransport:transport-backend-cct:3.1.8] AndroidManifest.xml:30:13-37
242            <meta-data
242-->[com.google.android.datatransport:transport-backend-cct:3.1.8] AndroidManifest.xml:31:13-33:39
243                android:name="backend:com.google.android.datatransport.cct.CctBackendFactory"
243-->[com.google.android.datatransport:transport-backend-cct:3.1.8] AndroidManifest.xml:32:17-94
244                android:value="cct" />
244-->[com.google.android.datatransport:transport-backend-cct:3.1.8] AndroidManifest.xml:33:17-36
245        </service>
246        <service
246-->[com.google.android.datatransport:transport-runtime:3.1.8] AndroidManifest.xml:26:9-30:19
247            android:name="com.google.android.datatransport.runtime.scheduling.jobscheduling.JobInfoSchedulerService"
247-->[com.google.android.datatransport:transport-runtime:3.1.8] AndroidManifest.xml:27:13-117
248            android:exported="false"
248-->[com.google.android.datatransport:transport-runtime:3.1.8] AndroidManifest.xml:28:13-37
249            android:permission="android.permission.BIND_JOB_SERVICE" >
249-->[com.google.android.datatransport:transport-runtime:3.1.8] AndroidManifest.xml:29:13-69
250        </service>
251
252        <receiver
252-->[com.google.android.datatransport:transport-runtime:3.1.8] AndroidManifest.xml:32:9-34:40
253            android:name="com.google.android.datatransport.runtime.scheduling.jobscheduling.AlarmManagerSchedulerBroadcastReceiver"
253-->[com.google.android.datatransport:transport-runtime:3.1.8] AndroidManifest.xml:33:13-132
254            android:exported="false" />
254-->[com.google.android.datatransport:transport-runtime:3.1.8] AndroidManifest.xml:34:13-37
255    </application>
256
257</manifest>